This is MetaPost, version 1.504 (kpathsea version 6.1.0)  16 OCT 2013 07:21
**\mode:=localfont; mag:=100.375; bpppix 0.02; nonstopmode; input font.mf
(mf2pt1.mp (/usr/share/texlive/texmf-dist/metapost/base/mfplain.mp
Preloading the plain base, version 0.99: preliminaries,
 basic constants and mathematical macros,
 macros for converting units,
 macros and tables for various modes of operation,
 macros for drawing and filling,
 macros for proof labels and rules,
 macros for character and font administration,
and a few last-minute items.)))
(/var/www/webpy-app/metapolator/users/1/fonts/1/font.mf
(/var/www/webpy-app/metapolator/users/1/fonts/1/glyphs.mf
(/var/www/webpy-app/metapolator/users/1/fonts/1/spacing.mf
(/var/www/webpy-app/metapolator/users/1/fonts/1/handspacing.mf))
(/var/www/webpy-app/metapolator/users/1/fonts/1/glyphlist.mf
(/var/www/webpy-app/metapolator/users/1/fonts/1/glyphs/65.mf [65]
Edge structure at line 0 (just shipped out):
Filled contour :
(66.99986,430.65044)..controls (66.99986,428.88353) and (66.99986,427.11667)
 ..(66.99986,425.34976)..controls (105.13554,479.81305) and (168.90634,510.8838
3)
 ..(235.0148,504.76404)..controls (309.35555,497.8822) and (371.96648,443.19493
)
 ..(371.96857,370.95636)..controls (371.96857,370.93297) and (371.97678,83.5737
5)
 ..(371.97678,83.55037)..controls (371.97794,42.2583) and (381.29752,-2.42581)
 ..(418.58134,-10.00061)..controls (448.61473,-16.10236) and (475.82544,8.9553)
 ..(472.21446,39.38878)..controls (472.40488,41.13) and (472.59532,42.87119)
 ..(472.78575,44.61241)..controls (477.87035,14.18208) and (450.5298,-11.71751)
 ..(420.41902,-4.99434)..controls (384.81921,2.95442) and (377.02303,45.99121)
 ..(377.02415,85.44997)..controls (377.02415,85.47334) and (377.0324,372.78432)
 ..(377.0324,372.8077)..controls (377.03452,447.06258) and (312.47014,503.14133
)
 ..(235.98456,510.00085)..controls (169.5577,515.9583) and (105.28047,485.32072
)
 ..cycle

Filled contour :
(372.0003,273.36581)..controls (372.0003,275.12218) and (372.0003,276.87851)
 ..(372.0003,278.63487)..controls (319.90082,275.12135) and (268.49954,264.6978
9)
 ..(219.14699,247.63843)..controls (161.78665,227.81093) and (105.48378,194.893
46)
 ..(91.82526,136.77026)..controls (74.27008,62.06502) and (133.52704,-8.47919)
 ..(212.19952,-10.00061)..controls (286.20883,-11.43184) and (346.6104,48.87468
)
 ..(345.29568,122.88617)..controls (343.76538,123.65137) and (342.23503,124.416
56)
 ..(340.70473,125.18178)..controls (343.28665,53.54196) and (285.48209,-5.72443
)
 ..(213.80011,-4.93205)..controls (137.21666,-4.08551) and (79.442,64.7607)
 ..(97.17474,137.23045)..controls (110.67854,192.4174) and (164.34055,223.43063
)
 ..(218.85374,242.36125)..controls (268.27907,259.525) and (319.79097,269.95363
)
 ..cycle
End edges

) (/var/www/webpy-app/metapolator/users/1/fonts/1/glyphs/78.mf [78]
Edge structure at line 0 (just shipped out):
Filled contour :
(95.02504,500.00024)..controls (106.62198,500.00024) and (118.21892,500.00024)
 ..(129.81587,500.00024)..controls (129.81587,467.66685) and (129.81584,435.333
48)
 ..(129.81584,403.00009)..controls (129.81584,268.66673) and (129.81584,134.333
36)
 ..(129.81584,0)..controls (131.60513,0) and (133.3944,0)
 ..(135.1837,0)..controls (135.1837,134.33336) and (135.1837,268.66673)
 ..(135.1837,403.00009)..controls (121.79749,435.33348) and (108.41125,467.6668
5)
 ..cycle

Filled contour :
(127.03452,385.08006)..controls (128.34497,383.95161) and (129.65541,382.82317)
 ..(130.96587,381.6947)..controls (162.43803,456.28674) and (235.5242,504.77519
)
 ..(316.48387,504.77519)..controls (388.55644,504.77519) and (449.85266,450.807
66)
 ..(449.85266,380.4325)..controls (449.85266,253.62166) and (449.84058,126.8108
4)
 ..(449.81644,0)..controls (451.60574,0) and (453.395,0)
 ..(455.1843,0)..controls (455.16016,127.11452) and (455.14809,254.22903)
 ..(455.14809,381.34357)..controls (455.14809,454.08952) and (391.9502,510.0008
5)
 ..(317.51608,510.00085)..controls (234.8132,510.00085) and (159.9924,460.9322)
 ..cycle
End edges

) (/var/www/webpy-app/metapolator/users/1/fonts/1/glyphs/92.mf [92]
Edge structure at line 0 (just shipped out):
Filled contour :
(20.90707,-200.0001)..controls (22.63577,-200.0001) and (24.36444,-200.0001)
 ..(26.09312,-200.0001)..controls (26.09312,-133.66656) and (26.09312,-67.333)
 ..(26.09312,-0.99947)..controls (24.36444,-0.99947) and (22.63577,-0.99947)
 ..(20.90707,-0.99947)..controls (20.90707,-67.333) and (20.90707,-133.66656)
 ..cycle

Filled contour :
(20.90707,0.99947)..controls (22.63577,0.99947) and (24.36444,0.99947)
 ..(26.09312,0.99947)..controls (26.09312,166.99991) and (26.09312,333.00034)
 ..(26.09312,499.0008)..controls (24.36444,499.0008) and (22.63577,499.0008)
 ..(20.90707,499.0008)..controls (20.90707,333.00034) and (20.90707,166.99991)
 ..cycle

Filled contour :
(20.90707,500.99971)..controls (22.63577,500.99971) and (24.36444,500.99971)
 ..(26.09312,500.99971)..controls (26.09312,550.33342) and (26.09312,599.66716)
 ..(26.09312,649.00087)..controls (24.36444,649.00087) and (22.63577,649.00087)
 ..(20.90707,649.00087)..controls (20.90707,599.66716) and (20.90707,550.33342)
 ..cycle

Filled contour :
(20.90707,650.99977)..controls (22.63577,650.99977) and (24.36444,650.99977)
 ..(26.09312,650.99977)..controls (26.09312,667.3333) and (26.09312,683.66682)
 ..(26.09312,700.00035)..controls (24.36444,700.00035) and (22.63577,700.00035)
 ..(20.90707,700.00035)..controls (20.90707,683.66682) and (20.90707,667.3333)
 ..cycle

Filled contour :
(20.90707,720.00006)..controls (22.63577,720.00006) and (24.36444,720.00006)
 ..(26.09312,720.00006)..controls (26.09312,716.66704) and (26.09312,713.33398)
 ..(26.09312,710.00096)..controls (24.36444,710.00096) and (22.63577,710.00096)
 ..(20.90707,710.00096)..controls (20.90707,713.33398) and (20.90707,716.66704)
 ..cycle

Filled contour :
(20.90707,-210.0007)..controls (20.90707,-213.33374) and (20.90707,-216.6668)
 ..(20.90707,-219.99982)..controls (22.63577,-219.99982) and (24.36444,-219.999
82)
 ..(26.09312,-219.99982)..controls (26.09312,-216.6668) and (26.09312,-213.3337
4)
 ..(26.09312,-210.0007)..controls (24.36444,-210.0007) and (22.63577,-210.0007)
 ..cycle
End edges

)))
Font metrics written on font.tfm.
3 output files written: font.65 .. font.92

